2025-09-04 09:57:48.221  INFO 1 - [       main] c.epam.healenium.Application     : Starting Application v3.4.6 using Java 22.0.2 with PID 1 (/healenium-backend.jar started by root in /) 
2025-09-04 09:57:49.058  INFO 1 - [       main] c.epam.healenium.Application     : No active profile set, falling back to 1 default profile: "default" 
2025-09-04 09:57:59.460  INFO 1 - [       main] .RepositoryConfigurationDelegate : Bootstrapping Spring Data JPA repositories in DEFAULT mode. 
2025-09-04 09:58:01.479  INFO 1 - [       main] .RepositoryConfigurationDelegate : Finished Spring Data repository scanning in 1921 ms. Found 4 JPA repository interfaces. 
2025-09-04 09:58:09.941  INFO 1 - [       main] o.s.b.w.e.t.TomcatWebServer      : Tomcat initialized with port 7878 (http) 
2025-09-04 09:58:10.192  INFO 1 - [       main] o.a.c.core.StandardService       : Starting service [Tomcat] 
2025-09-04 09:58:10.203  INFO 1 - [       main] o.a.c.core.StandardEngine        : Starting Servlet engine: [Apache Tomcat/10.1.30] 
2025-09-04 09:58:10.584  INFO 1 - [       main] o.a.c.c.C.[.[localhost].[/]      : Initializing Spring embedded WebApplicationContext 
2025-09-04 09:58:10.590  INFO 1 - [       main] rvletWebServerApplicationContext : Root WebApplicationContext: initialization completed in 20926 ms 
2025-09-04 09:58:13.687  INFO 1 - [       main] c.z.hikari.HikariDataSource      : HikariPool-1 - Starting... 
2025-09-04 09:58:15.518  INFO 1 - [       main] c.z.hikari.HikariDataSource      : HikariPool-1 - Start completed. 
2025-09-04 09:58:16.723  INFO 1 - [       main] liquibase.database               : Set default schema name to healenium 
2025-09-04 09:58:22.140  INFO 1 - [       main] liquibase.changelog              : Reading from healenium.databasechangelog 
2025-09-04 09:58:22.547  INFO 1 - [       main] liquibase.ui                     : Database is up to date, no changesets to execute 
2025-09-04 09:58:22.565  INFO 1 - [       main] liquibase.changelog              : Reading from healenium.databasechangelog 
2025-09-04 09:58:22.631  INFO 1 - [       main] liquibase.util                   : UPDATE SUMMARY 
2025-09-04 09:58:22.633  INFO 1 - [       main] liquibase.util                   : Run:                          0 
2025-09-04 09:58:22.634  INFO 1 - [       main] liquibase.util                   : Previously run:              10 
2025-09-04 09:58:22.645  INFO 1 - [       main] liquibase.util                   : Filtered out:                 0 
2025-09-04 09:58:22.646  INFO 1 - [       main] liquibase.util                   : ------------------------------- 
2025-09-04 09:58:22.647  INFO 1 - [       main] liquibase.util                   : Total change sets:           10 
2025-09-04 09:58:22.658  INFO 1 - [       main] liquibase.util                   : Update summary generated 
2025-09-04 09:58:22.817  INFO 1 - [       main] liquibase.lockservice            : Successfully released change log lock 
2025-09-04 09:58:22.824  INFO 1 - [       main] liquibase.command                : Command execution complete 
2025-09-04 09:58:23.982  INFO 1 - [       main] o.h.j.internal.util.LogHelper    : HHH000204: Processing PersistenceUnitInfo [name: default] 
2025-09-04 09:58:24.768  INFO 1 - [       main] org.hibernate.Version            : HHH000412: Hibernate ORM core version 6.5.3.Final 
2025-09-04 09:58:25.215  INFO 1 - [       main] o.h.c.i.RegionFactoryInitiator   : HHH000026: Second-level cache disabled 
2025-09-04 09:58:28.193  INFO 1 - [       main] .o.j.p.SpringPersistenceUnitInfo : No LoadTimeWeaver setup: ignoring JPA class transformer 
2025-09-04 09:58:28.293  WARN 1 - [       main] org.hibernate.orm.deprecation    : HHH90000021: Encountered deprecated setting [hibernate.temp.use_jdbc_metadata_defaults], use [hibernate.boot.allow_jdbc_metadata_access] instead 
2025-09-04 09:58:28.427  WARN 1 - [       main] org.hibernate.orm.deprecation    : HHH90000025: PostgreSQLDialect does not need to be specified explicitly using 'hibernate.dialect' (remove the property setting and it will be selected by default) 
2025-09-04 09:58:37.050  WARN 1 - [       main] o.h.m.internal.MetadataContext   : HHH015011: Unable to locate static metamodel field : com.epam.healenium.model.domain.Selector_#nodePathWrapper; this may or may not indicate a problem with the static metamodel 
2025-09-04 09:58:37.098  INFO 1 - [       main] h.e.t.j.p.i.JtaPlatformInitiator : HHH000489: No JTA platform available (set 'hibernate.transaction.jta.platform' to enable JTA platform integration) 
2025-09-04 09:58:37.129  INFO 1 - [       main] ontainerEntityManagerFactoryBean : Initialized JPA EntityManagerFactory for persistence unit 'default' 
2025-09-04 09:58:41.527  INFO 1 - [       main] o.s.d.j.r.q.QueryEnhancerFactory : Hibernate is in classpath; If applicable, HQL parser will be used. 
2025-09-04 09:58:47.842  INFO 1 - [       main] .a.w.s.WelcomePageHandlerMapping : Adding welcome page template: index 
2025-09-04 09:58:54.325  INFO 1 - [       main] .s.b.a.e.w.EndpointLinksResolver : Exposing 1 endpoint beneath base path '/actuator' 
2025-09-04 09:58:55.609  INFO 1 - [       main] o.s.b.w.e.t.TomcatWebServer      : Tomcat started on port 7878 (http) with context path '/' 
2025-09-04 09:58:56.167  INFO 1 - [       main] c.epam.healenium.Application     : Started Application in 75.107 seconds (process running for 82.31) 
2025-09-04 10:47:57.455  INFO 1 - [7878-exec-1] o.a.c.c.C.[.[localhost].[/]      : Initializing Spring DispatcherServlet 'dispatcherServlet' 
2025-09-04 10:47:57.475  INFO 1 - [7878-exec-1] o.s.w.s.DispatcherServlet        : Initializing Servlet 'dispatcherServlet' 
2025-09-04 10:47:57.533  INFO 1 - [7878-exec-1] o.s.w.s.DispatcherServlet        : Completed initialization in 55 ms 
2025-09-04 10:48:14.074  INFO 1 - [7878-exec-3] healenium                        : [Save Elements] Request: By.xpath(//input[@id='Email']) 
2025-09-04 10:48:16.580  INFO 1 - [7878-exec-4] healenium                        : [Save Elements] Request: By.xpath(//input[@id='Password']) 
2025-09-04 10:48:17.618  INFO 1 - [7878-exec-5] healenium                        : [Save Elements] Request: By.xpath(//input[@class='button-1 login-button']) 
2025-09-04 10:48:24.952  INFO 1 - [7878-exec-6] healenium                        : [Save Elements] Request: By.xpath(//a[@class='ico-logout']) 
2025-09-04 10:48:26.293  INFO 1 - [7878-exec-7] healenium                        : [Save Elements] Request: By.xpath(/html/body/div[4]/div[1]/div[2]) 
2025-09-04 10:50:51.550  INFO 1 - [7878-exec-1] healenium                        : [Save Elements] Request: By.xpath(//input[@class='button-1 search-box-button']) 
2025-09-04 10:50:57.996  INFO 1 - [7878-exec-2] healenium                        : [Save Elements] Request: By.xpath(/html/body/div[4]/div[1]/div[4]/div[2]/div/div[2]/div[3]/div[1]/div/div/div[2]/h2/a) 
2025-09-04 10:51:00.718  INFO 1 - [7878-exec-3] healenium                        : [Save Elements] Request: By.xpath(//input[@id='add-to-cart-button-18']) 
2025-09-04 10:51:01.226  INFO 1 - [7878-exec-4] healenium                        : [Save Elements] Request: By.xpath((//span[@class='cart-label'])[1]) 
2025-09-04 10:56:19.521  INFO 1 - [7878-exec-9] healenium                        : [Save Elements] Request: By.xpath(//a[contains(text(),'Orders')]) 
2025-09-04 10:56:21.024  INFO 1 - [878-exec-10] healenium                        : [Save Elements] Request: By.xpath((//input[@class='button-2 order-details-button'])[1]) 
2025-09-04 10:56:22.585  INFO 1 - [7878-exec-1] healenium                        : [Save Elements] Request: By.xpath(//a[@class='button-2 pdf-order-button']) 
2025-09-04 11:45:52.992  INFO 1 - [hutdownHook] ontainerEntityManagerFactoryBean : Closing JPA EntityManagerFactory for persistence unit 'default' 
2025-09-04 11:45:53.013  INFO 1 - [hutdownHook] c.z.hikari.HikariDataSource      : HikariPool-1 - Shutdown initiated... 
2025-09-04 11:45:53.017  INFO 1 - [hutdownHook] c.z.hikari.HikariDataSource      : HikariPool-1 - Shutdown completed. 
2025-09-04 11:46:17.619  INFO 1 - [       main] c.epam.healenium.Application     : Starting Application v3.4.6 using Java 22.0.2 with PID 1 (/healenium-backend.jar started by root in /) 
2025-09-04 11:46:17.688  INFO 1 - [       main] c.epam.healenium.Application     : No active profile set, falling back to 1 default profile: "default" 
2025-09-04 11:46:19.447  INFO 1 - [       main] .RepositoryConfigurationDelegate : Bootstrapping Spring Data JPA repositories in DEFAULT mode. 
2025-09-04 11:46:19.745  INFO 1 - [       main] .RepositoryConfigurationDelegate : Finished Spring Data repository scanning in 283 ms. Found 4 JPA repository interfaces. 
2025-09-04 11:46:21.374  INFO 1 - [       main] o.s.b.w.e.t.TomcatWebServer      : Tomcat initialized with port 7878 (http) 
2025-09-04 11:46:21.411  INFO 1 - [       main] o.a.c.core.StandardService       : Starting service [Tomcat] 
2025-09-04 11:46:21.412  INFO 1 - [       main] o.a.c.core.StandardEngine        : Starting Servlet engine: [Apache Tomcat/10.1.30] 
2025-09-04 11:46:21.499  INFO 1 - [       main] o.a.c.c.C.[.[localhost].[/]      : Initializing Spring embedded WebApplicationContext 
2025-09-04 11:46:21.501  INFO 1 - [       main] rvletWebServerApplicationContext : Root WebApplicationContext: initialization completed in 3748 ms 
2025-09-04 11:46:22.107  INFO 1 - [       main] c.z.hikari.HikariDataSource      : HikariPool-1 - Starting... 
2025-09-04 11:46:22.541  INFO 1 - [       main] c.z.hikari.HikariDataSource      : HikariPool-1 - Start completed. 
2025-09-04 11:46:22.884  INFO 1 - [       main] liquibase.database               : Set default schema name to healenium 
2025-09-04 11:46:23.799  INFO 1 - [       main] liquibase.changelog              : Reading from healenium.databasechangelog 
2025-09-04 11:46:23.892  INFO 1 - [       main] liquibase.ui                     : Database is up to date, no changesets to execute 
2025-09-04 11:46:23.897  INFO 1 - [       main] liquibase.changelog              : Reading from healenium.databasechangelog 
2025-09-04 11:46:23.913  INFO 1 - [       main] liquibase.util                   : UPDATE SUMMARY 
2025-09-04 11:46:23.914  INFO 1 - [       main] liquibase.util                   : Run:                          0 
2025-09-04 11:46:23.915  INFO 1 - [       main] liquibase.util                   : Previously run:              10 
2025-09-04 11:46:23.916  INFO 1 - [       main] liquibase.util                   : Filtered out:                 0 
2025-09-04 11:46:23.917  INFO 1 - [       main] liquibase.util                   : ------------------------------- 
2025-09-04 11:46:23.918  INFO 1 - [       main] liquibase.util                   : Total change sets:           10 
2025-09-04 11:46:23.920  INFO 1 - [       main] liquibase.util                   : Update summary generated 
2025-09-04 11:46:23.952  INFO 1 - [       main] liquibase.lockservice            : Successfully released change log lock 
2025-09-04 11:46:23.955  INFO 1 - [       main] liquibase.command                : Command execution complete 
2025-09-04 11:46:24.148  INFO 1 - [       main] o.h.j.internal.util.LogHelper    : HHH000204: Processing PersistenceUnitInfo [name: default] 
2025-09-04 11:46:24.307  INFO 1 - [       main] org.hibernate.Version            : HHH000412: Hibernate ORM core version 6.5.3.Final 
2025-09-04 11:46:24.428  INFO 1 - [       main] o.h.c.i.RegionFactoryInitiator   : HHH000026: Second-level cache disabled 
2025-09-04 11:46:25.097  INFO 1 - [       main] .o.j.p.SpringPersistenceUnitInfo : No LoadTimeWeaver setup: ignoring JPA class transformer 
2025-09-04 11:46:25.133  WARN 1 - [       main] org.hibernate.orm.deprecation    : HHH90000021: Encountered deprecated setting [hibernate.temp.use_jdbc_metadata_defaults], use [hibernate.boot.allow_jdbc_metadata_access] instead 
2025-09-04 11:46:25.187  WARN 1 - [       main] org.hibernate.orm.deprecation    : HHH90000025: PostgreSQLDialect does not need to be specified explicitly using 'hibernate.dialect' (remove the property setting and it will be selected by default) 
2025-09-04 11:46:28.549  WARN 1 - [       main] o.h.m.internal.MetadataContext   : HHH015011: Unable to locate static metamodel field : com.epam.healenium.model.domain.Selector_#nodePathWrapper; this may or may not indicate a problem with the static metamodel 
2025-09-04 11:46:28.559  INFO 1 - [       main] h.e.t.j.p.i.JtaPlatformInitiator : HHH000489: No JTA platform available (set 'hibernate.transaction.jta.platform' to enable JTA platform integration) 
2025-09-04 11:46:28.567  INFO 1 - [       main] ontainerEntityManagerFactoryBean : Initialized JPA EntityManagerFactory for persistence unit 'default' 
2025-09-04 11:46:29.483  INFO 1 - [       main] o.s.d.j.r.q.QueryEnhancerFactory : Hibernate is in classpath; If applicable, HQL parser will be used. 
2025-09-04 11:46:30.677  INFO 1 - [       main] .a.w.s.WelcomePageHandlerMapping : Adding welcome page template: index 
2025-09-04 11:46:31.928  INFO 1 - [       main] .s.b.a.e.w.EndpointLinksResolver : Exposing 1 endpoint beneath base path '/actuator' 
2025-09-04 11:46:32.109  INFO 1 - [       main] o.s.b.w.e.t.TomcatWebServer      : Tomcat started on port 7878 (http) with context path '/' 
2025-09-04 11:46:32.252  INFO 1 - [       main] c.epam.healenium.Application     : Started Application in 15.36 seconds (process running for 16.246) 
2025-09-04 11:47:27.580  INFO 1 - [hutdownHook] ontainerEntityManagerFactoryBean : Closing JPA EntityManagerFactory for persistence unit 'default' 
2025-09-04 11:47:27.583  INFO 1 - [hutdownHook] c.z.hikari.HikariDataSource      : HikariPool-1 - Shutdown initiated... 
2025-09-04 11:47:27.586  INFO 1 - [hutdownHook] c.z.hikari.HikariDataSource      : HikariPool-1 - Shutdown completed. 
